<?xml version="1.0" encoding="UTF-8"?>
<robot generator="Robot 4.1.3 (Python 3.10.2 on win32)" generated="20220320 23:07:15.763" rpa="false" schemaversion="2">
<suite id="s1" name="TesteWeb4" source="C:\Users\wesle\Desktop\projetos\Projeto4\test\features\TesteWeb4.robot">
<test id="s1-t1" name="Caso de teste: Adicionar cliente">
<kw name=" Abrir o navegador" library="hooks" type="SETUP">
<kw name="Open Browser" library="SeleniumLibrary">
<arg>browser=${BROWSER}</arg>
<doc>Opens a new browser instance to the optional ``url``.</doc>
<msg timestamp="20220320 23:07:16.716" level="INFO">Opening browser 'chrome' to base url 'None'.</msg>
<status status="PASS" starttime="20220320 23:07:16.716" endtime="20220320 23:07:18.006"/>
</kw>
<kw name="Maximize Browser Window" library="SeleniumLibrary">
<doc>Maximizes current browser window.</doc>
<status status="PASS" starttime="20220320 23:07:18.006" endtime="20220320 23:07:18.130"/>
</kw>
<status status="PASS" starttime="20220320 23:07:16.716" endtime="20220320 23:07:18.131"/>
</kw>
<kw name="Acessar a página home do site" library="keywords">
<kw name="Go To" library="SeleniumLibrary">
<arg>${URL}</arg>
<doc>Navigates the current browser window to the provided ``url``.</doc>
<msg timestamp="20220320 23:07:18.132" level="INFO">Opening url 'http://automationpractice.com'</msg>
<status status="PASS" starttime="20220320 23:07:18.131" endtime="20220320 23:07:23.522"/>
</kw>
<kw name="Wait Until Element Is Visible" library="SeleniumLibrary">
<arg>xpath=//*[@id="block_top_menu"]/ul</arg>
<doc>Waits until the element ``locator`` is visible.</doc>
<status status="PASS" starttime="20220320 23:07:23.522" endtime="20220320 23:07:23.557"/>
</kw>
<kw name="Title Should Be" library="SeleniumLibrary">
<arg>My Store</arg>
<doc>Verifies that the current page title equals ``title``.</doc>
<msg timestamp="20220320 23:07:23.563" level="INFO">Page title is 'My Store'.</msg>
<status status="PASS" starttime="20220320 23:07:23.557" endtime="20220320 23:07:23.563"/>
</kw>
<status status="PASS" starttime="20220320 23:07:18.131" endtime="20220320 23:07:23.564"/>
</kw>
<kw name="Clicar em &quot;Sign in&quot;" library="keywords">
<kw name="Click Element" library="SeleniumLibrary">
<arg>class=login</arg>
<doc>Click the element identified by ``locator``.</doc>
<msg timestamp="20220320 23:07:23.565" level="INFO">Clicking element 'class=login'.</msg>
<status status="PASS" starttime="20220320 23:07:23.565" endtime="20220320 23:07:25.421"/>
</kw>
<status status="PASS" starttime="20220320 23:07:23.564" endtime="20220320 23:07:25.421"/>
</kw>
<kw name="Informar um e-mail válido" library="keywords">
<kw name="Email" library="FakerLibrary">
<var>${EMAIL}</var>
<msg timestamp="20220320 23:07:25.423" level="INFO">${EMAIL} = shortmatthew@example.net</msg>
<status status="PASS" starttime="20220320 23:07:25.422" endtime="20220320 23:07:25.423"/>
</kw>
<kw name="Input Text" library="SeleniumLibrary">
<arg>name=email_create</arg>
<arg>${EMAIL}</arg>
<doc>Types the given ``text`` into the text field identified by ``locator``.</doc>
<msg timestamp="20220320 23:07:25.423" level="INFO">Typing text 'shortmatthew@example.net' into text field 'name=email_create'.</msg>
<status status="PASS" starttime="20220320 23:07:25.423" endtime="20220320 23:07:25.533"/>
</kw>
<status status="PASS" starttime="20220320 23:07:25.422" endtime="20220320 23:07:25.533"/>
</kw>
<kw name="Clicar em &quot;Create an account&quot;" library="keywords">
<kw name="Click Button" library="SeleniumLibrary">
<arg>xpath=/html/body/div/div[2]/div/div[3]/div/div/div[1]/form/div/div[3]/button</arg>
<doc>Clicks the button identified by ``locator``.</doc>
<msg timestamp="20220320 23:07:25.534" level="INFO">Clicking button 'xpath=/html/body/div/div[2]/div/div[3]/div/div/div[1]/form/div/div[3]/button'.</msg>
<status status="PASS" starttime="20220320 23:07:25.534" endtime="20220320 23:07:25.612"/>
</kw>
<kw name="Take Screenshot" library="Screenshot">
<doc>Takes a screenshot in JPEG format and embeds it into the log file.</doc>
<msg timestamp="20220320 23:07:25.614" level="WARN">Taking screenshot failed: Taking screenshots is not supported on this platform by default. See library documentation for details.
Make sure tests are run with a physical or virtual display.</msg>
<msg timestamp="20220320 23:07:25.618" level="INFO" html="true">&lt;a href="screenshot_1.jpg"&gt;&lt;img src="screenshot_1.jpg" width="800px"&gt;&lt;/a&gt;</msg>
<status status="PASS" starttime="20220320 23:07:25.612" endtime="20220320 23:07:25.618"/>
</kw>
<kw name="Wait Until Element Is Visible" library="SeleniumLibrary">
<arg>id=id_gender1</arg>
<doc>Waits until the element ``locator`` is visible.</doc>
<status status="PASS" starttime="20220320 23:07:25.618" endtime="20220320 23:07:28.015"/>
</kw>
<status status="PASS" starttime="20220320 23:07:25.534" endtime="20220320 23:07:28.015"/>
</kw>
<kw name="Preencher os dados obrigatórios" library="keywords">
<kw name="Click Element" library="SeleniumLibrary">
<arg>id=id_gender1</arg>
<doc>Click the element identified by ``locator``.</doc>
<msg timestamp="20220320 23:07:28.016" level="INFO">Clicking element 'id=id_gender1'.</msg>
<status status="PASS" starttime="20220320 23:07:28.016" endtime="20220320 23:07:28.060"/>
</kw>
<kw name="Input Text" library="SeleniumLibrary">
<arg>name=customer_firstname</arg>
<arg>${FIRST_NAME}</arg>
<doc>Types the given ``text`` into the text field identified by ``locator``.</doc>
<msg timestamp="20220320 23:07:28.061" level="INFO">Typing text 'Wesley' into text field 'name=customer_firstname'.</msg>
<status status="PASS" starttime="20220320 23:07:28.060" endtime="20220320 23:07:28.161"/>
</kw>
<kw name="Input Text" library="SeleniumLibrary">
<arg>name=customer_lastname</arg>
<arg>${LAST_NAME}</arg>
<doc>Types the given ``text`` into the text field identified by ``locator``.</doc>
<msg timestamp="20220320 23:07:28.162" level="INFO">Typing text 'Santos' into text field 'name=customer_lastname'.</msg>
<status status="PASS" starttime="20220320 23:07:28.162" endtime="20220320 23:07:28.261"/>
</kw>
<kw name="Input Password" library="SeleniumLibrary">
<arg>name=passwd</arg>
<arg>${PASSWORD}</arg>
<doc>Types the given password into the text field identified by ``locator``.</doc>
<msg timestamp="20220320 23:07:28.261" level="INFO">Typing password into text field 'name=passwd'.</msg>
<msg timestamp="20220320 23:07:28.309" level="INFO">Temporally setting log level to: NONE</msg>
<msg timestamp="20220320 23:07:28.364" level="INFO">Log level changed from NONE to INFO.</msg>
<status status="PASS" starttime="20220320 23:07:28.261" endtime="20220320 23:07:28.364"/>
</kw>
<kw name="Input Text" library="SeleniumLibrary">
<arg>name=firstname</arg>
<arg>${_FIRST_NAME}</arg>
<doc>Types the given ``text`` into the text field identified by ``locator``.</doc>
<msg timestamp="20220320 23:07:28.365" level="INFO">Typing text 'Wesley' into text field 'name=firstname'.</msg>
<status status="PASS" starttime="20220320 23:07:28.364" endtime="20220320 23:07:28.466"/>
</kw>
<kw name="Input Text" library="SeleniumLibrary">
<arg>name=lastname</arg>
<arg>${_LAST_NAME}</arg>
<doc>Types the given ``text`` into the text field identified by ``locator``.</doc>
<msg timestamp="20220320 23:07:28.466" level="INFO">Typing text 'Santos' into text field 'name=lastname'.</msg>
<status status="PASS" starttime="20220320 23:07:28.466" endtime="20220320 23:07:28.649"/>
</kw>
<kw name="Input Text" library="SeleniumLibrary">
<arg>name=address1</arg>
<arg>${ADDRESS}</arg>
<doc>Types the given ``text`` into the text field identified by ``locator``.</doc>
<msg timestamp="20220320 23:07:28.650" level="INFO">Typing text 'Rua marcontonio mazzoni' into text field 'name=address1'.</msg>
<status status="PASS" starttime="20220320 23:07:28.649" endtime="20220320 23:07:28.754"/>
</kw>
<kw name="Input Text" library="SeleniumLibrary">
<arg>name=city</arg>
<arg>${CITY}</arg>
<doc>Types the given ``text`` into the text field identified by ``locator``.</doc>
<msg timestamp="20220320 23:07:28.755" level="INFO">Typing text 'São paulo' into text field 'name=city'.</msg>
<status status="PASS" starttime="20220320 23:07:28.755" endtime="20220320 23:07:28.847"/>
</kw>
<kw name="Select From List By Index" library="SeleniumLibrary">
<arg>name=id_state</arg>
<arg>1</arg>
<doc>Selects options from selection list ``locator`` by ``indexes``.</doc>
<msg timestamp="20220320 23:07:28.848" level="INFO">Selecting options from selection list 'name=id_state' by index 1.</msg>
<status status="PASS" starttime="20220320 23:07:28.847" endtime="20220320 23:07:28.949"/>
</kw>
<kw name="Input Text" library="SeleniumLibrary">
<arg>name=postcode</arg>
<arg>${POSTAL_CODE}</arg>
<doc>Types the given ``text`` into the text field identified by ``locator``.</doc>
<msg timestamp="20220320 23:07:28.950" level="INFO">Typing text '00000' into text field 'name=postcode'.</msg>
<status status="PASS" starttime="20220320 23:07:28.950" endtime="20220320 23:07:29.040"/>
</kw>
<kw name="Input Text" library="SeleniumLibrary">
<arg>name=phone_mobile</arg>
<arg>${MOBILE_PHONE}</arg>
<doc>Types the given ``text`` into the text field identified by ``locator``.</doc>
<msg timestamp="20220320 23:07:29.041" level="INFO">Typing text '119320232009' into text field 'name=phone_mobile'.</msg>
<status status="PASS" starttime="20220320 23:07:29.041" endtime="20220320 23:07:29.138"/>
</kw>
<kw name="Input Text" library="SeleniumLibrary">
<arg>name=alias</arg>
<arg>${OTHER_ADRDRESS}</arg>
<doc>Types the given ``text`` into the text field identified by ``locator``.</doc>
<msg timestamp="20220320 23:07:29.138" level="INFO">Typing text 'jubileu@robot.com' into text field 'name=alias'.</msg>
<status status="PASS" starttime="20220320 23:07:29.138" endtime="20220320 23:07:29.237"/>
</kw>
<status status="PASS" starttime="20220320 23:07:28.016" endtime="20220320 23:07:29.238"/>
</kw>
<kw name="submeter cadastro" library="keywords">
<kw name="Click Button" library="SeleniumLibrary">
<arg>name=submitAccount</arg>
<doc>Clicks the button identified by ``locator``.</doc>
<msg timestamp="20220320 23:07:29.239" level="INFO">Clicking button 'name=submitAccount'.</msg>
<status status="PASS" starttime="20220320 23:07:29.239" endtime="20220320 23:07:30.777"/>
</kw>
<status status="PASS" starttime="20220320 23:07:29.238" endtime="20220320 23:07:30.778"/>
</kw>
<kw name="Conferir se o cadastro foi feito com sucesso" library="keywords">
<kw name="Page Should Contain" library="SeleniumLibrary">
<arg>${MSG}</arg>
<doc>Verifies that current page contains ``text``.</doc>
<msg timestamp="20220320 23:07:30.794" level="INFO">Current page contains text 'Welcome to your account. Here you can manage all of your personal information and orders.'.</msg>
<status status="PASS" starttime="20220320 23:07:30.779" endtime="20220320 23:07:30.794"/>
</kw>
<status status="PASS" starttime="20220320 23:07:30.778" endtime="20220320 23:07:30.794"/>
</kw>
<kw name="Fechar o navegador" library="hooks" type="TEARDOWN">
<kw name="Close Browser" library="SeleniumLibrary">
<doc>Closes the current browser.</doc>
<status status="PASS" starttime="20220320 23:07:30.795" endtime="20220320 23:07:33.033"/>
</kw>
<status status="PASS" starttime="20220320 23:07:30.795" endtime="20220320 23:07:33.033"/>
</kw>
<status status="PASS" starttime="20220320 23:07:16.715" endtime="20220320 23:07:33.034"/>
</test>
<status status="PASS" starttime="20220320 23:07:15.765" endtime="20220320 23:07:33.035"/>
</suite>
<statistics>
<total>
<stat pass="1" fail="0" skip="0">All Tests</stat>
</total>
<tag>
</tag>
<suite>
<stat pass="1" fail="0" skip="0" id="s1" name="TesteWeb4">TesteWeb4</stat>
</suite>
</statistics>
<errors>
<msg timestamp="20220320 23:07:16.688" level="ERROR">Error in file 'C:\Users\wesle\Desktop\projetos\Projeto4\src\auto\keywords\keywords.robot' on line 5: Resource setting requires value.</msg>
<msg timestamp="20220320 23:07:16.689" level="ERROR">Error in file 'C:\Users\wesle\Desktop\projetos\Projeto4\src\auto\keywords\keywords.robot' on line 6: Resource setting requires value.</msg>
<msg timestamp="20220320 23:07:25.614" level="WARN">Taking screenshot failed: Taking screenshots is not supported on this platform by default. See library documentation for details.
Make sure tests are run with a physical or virtual display.</msg>
</errors>
</robot>
